<?xml version="1.0" encoding="UTF-8"?>
<robot generator="Robot 4.1.3 (Python 3.10.6 on win32)" generated="20240602 13:51:31.375" rpa="false" schemaversion="2">
<suite id="s1" name="SaveEdit" source="C:\Users\abdullah.ahmed\IdeaProjects\Admin QSIT\Tests\Assignments\SaveEdit.robot">
<kw name="Run Keywords" library="BuiltIn" type="SETUP">
<arg>Open_Chrome</arg>
<arg>Login_Successfully</arg>
<doc>Executes all the given keywords in a sequence.</doc>
<kw name="Open_Chrome" library="Common">
<kw name="Set Selenium Implicit Wait" library="SeleniumLibrary">
<arg>5</arg>
<doc>Sets the implicit wait value used by Selenium.</doc>
<status status="PASS" starttime="20240602 13:51:31.605" endtime="20240602 13:51:31.605"/>
</kw>
<kw name="Open Browser" library="SeleniumLibrary">
<arg>https://dgdadevnew.eastus.cloudapp.azure.com/DGDAAdminFront/#/login</arg>
<arg>chrome</arg>
<doc>Opens a new browser instance to the optional ``url``.</doc>
<msg timestamp="20240602 13:51:31.605" level="INFO">Opening browser 'chrome' to base url 'https://dgdadevnew.eastus.cloudapp.azure.com/DGDAAdminFront/#/login'.</msg>
<status status="PASS" starttime="20240602 13:51:31.605" endtime="20240602 13:51:45.808"/>
</kw>
<kw name="Maximize Browser Window" library="SeleniumLibrary">
<doc>Maximizes current browser window.</doc>
<status status="PASS" starttime="20240602 13:51:45.808" endtime="20240602 13:51:45.843"/>
</kw>
<status status="PASS" starttime="20240602 13:51:31.604" endtime="20240602 13:51:45.844"/>
</kw>
<kw name="Login_Successfully" library="Common">
<kw name="Input Text" library="SeleniumLibrary">
<arg>${Username_Text}</arg>
<arg>Admin</arg>
<doc>Types the given ``text`` into the text field identified by ``locator``.</doc>
<msg timestamp="20240602 13:51:45.847" level="INFO">Typing text 'Admin' into text field '//*[@id="login_input_username"]'.</msg>
<status status="PASS" starttime="20240602 13:51:45.845" endtime="20240602 13:51:46.168"/>
</kw>
<kw name="Input Password" library="SeleniumLibrary">
<arg>${Password_Text}</arg>
<arg>123456</arg>
<doc>Types the given password into the text field identified by ``locator``.</doc>
<msg timestamp="20240602 13:51:46.170" level="INFO">Typing password into text field '//*[@id="login_input_password"]'.</msg>
<msg timestamp="20240602 13:51:46.224" level="INFO">Temporally setting log level to: NONE</msg>
<msg timestamp="20240602 13:51:46.306" level="INFO">Log level changed from NONE to INFO.</msg>
<status status="PASS" starttime="20240602 13:51:46.169" endtime="20240602 13:51:46.306"/>
</kw>
<kw name="Click Element" library="SeleniumLibrary">
<arg>${Login_btn}</arg>
<doc>Click the element identified by ``locator``.</doc>
<msg timestamp="20240602 13:51:46.307" level="INFO">Clicking element '//*[@id="login_btn_login"]'.</msg>
<status status="PASS" starttime="20240602 13:51:46.307" endtime="20240602 13:51:46.370"/>
</kw>
<status status="PASS" starttime="20240602 13:51:45.845" endtime="20240602 13:51:46.370"/>
</kw>
<status status="PASS" starttime="20240602 13:51:31.604" endtime="20240602 13:51:46.370"/>
</kw>
<test id="s1-t1" name="Check functionality of Reset Button">
<kw name="Set Selenium Implicit Wait" library="SeleniumLibrary">
<arg>5</arg>
<doc>Sets the implicit wait value used by Selenium.</doc>
<status status="PASS" starttime="20240602 13:51:46.371" endtime="20240602 13:51:46.372"/>
</kw>
<kw name="Click Button" library="SeleniumLibrary">
<arg>${Assginment_Button}</arg>
<doc>Clicks the button identified by ``locator``.</doc>
<msg timestamp="20240602 13:51:46.373" level="INFO">Clicking button '//*[@id="4"]'.</msg>
<status status="PASS" starttime="20240602 13:51:46.373" endtime="20240602 13:51:47.064"/>
</kw>
<kw name="Sleep" library="BuiltIn">
<arg>4s</arg>
<doc>Pauses the test executed for the given time.</doc>
<msg timestamp="20240602 13:51:51.071" level="INFO">Slept 4 seconds</msg>
<status status="PASS" starttime="20240602 13:51:47.065" endtime="20240602 13:51:51.071"/>
</kw>
<kw name="Click Element" library="SeleniumLibrary">
<arg>${Requester_Button}</arg>
<doc>Click the element identified by ``locator``.</doc>
<msg timestamp="20240602 13:51:51.073" level="INFO">Clicking element '//*[@id="application_ddl_applications8"]'.</msg>
<status status="PASS" starttime="20240602 13:51:51.072" endtime="20240602 13:51:51.143"/>
</kw>
<kw name="Sleep" library="BuiltIn">
<arg>4s</arg>
<doc>Pauses the test executed for the given time.</doc>
<msg timestamp="20240602 13:51:55.150" level="INFO">Slept 4 seconds</msg>
<status status="PASS" starttime="20240602 13:51:51.143" endtime="20240602 13:51:55.150"/>
</kw>
<kw name="Click Button" library="SeleniumLibrary">
<arg>${Inspection_Button}</arg>
<doc>Clicks the button identified by ``locator``.</doc>
<msg timestamp="20240602 13:51:55.152" level="INFO">Clicking button '//*[@id="group_ddl_groups0"]/button'.</msg>
<status status="PASS" starttime="20240602 13:51:55.150" endtime="20240602 13:51:55.233"/>
</kw>
<kw name="Sleep" library="BuiltIn">
<arg>4s</arg>
<doc>Pauses the test executed for the given time.</doc>
<msg timestamp="20240602 13:51:59.243" level="INFO">Slept 4 seconds</msg>
<status status="PASS" starttime="20240602 13:51:55.235" endtime="20240602 13:51:59.243"/>
</kw>
<kw name="Click Button" library="SeleniumLibrary">
<arg>${Inspection1_button}</arg>
<doc>Clicks the button identified by ``locator``.</doc>
<msg timestamp="20240602 13:51:59.243" level="INFO">Clicking button '//*[@id="role_ddl_roleroleList_0"]/button'.</msg>
<status status="PASS" starttime="20240602 13:51:59.243" endtime="20240602 13:51:59.327"/>
</kw>
<kw name="Sleep" library="BuiltIn">
<arg>10s</arg>
<doc>Pauses the test executed for the given time.</doc>
<msg timestamp="20240602 13:52:09.340" level="INFO">Slept 10 seconds</msg>
<status status="PASS" starttime="20240602 13:51:59.327" endtime="20240602 13:52:09.341"/>
</kw>
<kw name="Click Button" library="SeleniumLibrary">
<arg>${Inspection1_button1}</arg>
<doc>Clicks the button identified by ``locator``.</doc>
<msg timestamp="20240602 13:52:09.342" level="INFO">Clicking button '//*[@id="role_ddl_roleroleList_0"]/button'.</msg>
<status status="PASS" starttime="20240602 13:52:09.342" endtime="20240602 13:52:09.897"/>
</kw>
<kw name="Sleep" library="BuiltIn">
<arg>4s</arg>
<doc>Pauses the test executed for the given time.</doc>
<msg timestamp="20240602 13:52:13.905" level="INFO">Slept 4 seconds</msg>
<status status="PASS" starttime="20240602 13:52:09.897" endtime="20240602 13:52:13.905"/>
</kw>
<kw name="Click Element" library="SeleniumLibrary">
<arg>${role_btn_editRole}</arg>
<doc>Click the element identified by ``locator``.</doc>
<msg timestamp="20240602 13:52:13.905" level="INFO">Clicking element '//*[@id="role_btn_editRole"]'.</msg>
<status status="PASS" starttime="20240602 13:52:13.905" endtime="20240602 13:52:13.993"/>
</kw>
<kw name="Sleep" library="BuiltIn">
<arg>3s</arg>
<doc>Pauses the test executed for the given time.</doc>
<msg timestamp="20240602 13:52:17.003" level="INFO">Slept 3 seconds</msg>
<status status="PASS" starttime="20240602 13:52:13.993" endtime="20240602 13:52:17.003"/>
</kw>
<kw name="Click Element" library="SeleniumLibrary">
<arg>${Geo_button}</arg>
<doc>Click the element identified by ``locator``.</doc>
<msg timestamp="20240602 13:52:17.003" level="INFO">Clicking element '//*[@id="role_ddl_mapServicesList_0"]/button'.</msg>
<status status="PASS" starttime="20240602 13:52:17.003" endtime="20240602 13:52:17.180"/>
</kw>
<kw name="Sleep" library="BuiltIn">
<arg>3s</arg>
<doc>Pauses the test executed for the given time.</doc>
<msg timestamp="20240602 13:52:20.190" level="INFO">Slept 3 seconds</msg>
<status status="PASS" starttime="20240602 13:52:17.180" endtime="20240602 13:52:20.190"/>
</kw>
<kw name="Get Element Attribute" library="SeleniumLibrary">
<var>${status1}</var>
<arg>${Reset_Button}</arg>
<arg>disabled</arg>
<doc>Returns the value of ``attribute`` from the element ``locator``.</doc>
<msg timestamp="20240602 13:52:20.269" level="INFO">${status1} = true</msg>
<status status="PASS" starttime="20240602 13:52:20.190" endtime="20240602 13:52:20.269"/>
</kw>
<kw name="Run Keyword If" library="BuiltIn">
<arg>"${status1}" == "true"</arg>
<arg>Log</arg>
<arg>"Reset button is disabled"</arg>
<arg>ELSE</arg>
<arg>Log</arg>
<arg>"Reset button is not disabled"</arg>
<arg>AND</arg>
<arg>Fail</arg>
<arg>"Reset button should be disabled"</arg>
<doc>Runs the given keyword with the given arguments, if ``condition`` is true.</doc>
<kw name="Log" library="BuiltIn">
<arg>"Reset button is disabled"</arg>
<doc>Logs the given message with the given level.</doc>
<msg timestamp="20240602 13:52:20.269" level="INFO">"Reset button is disabled"</msg>
<status status="PASS" starttime="20240602 13:52:20.269" endtime="20240602 13:52:20.269"/>
</kw>
<status status="PASS" starttime="20240602 13:52:20.269" endtime="20240602 13:52:20.269"/>
</kw>
<kw name="Click Element" library="SeleniumLibrary">
<arg>${Select_all_CheckBox}</arg>
<doc>Click the element identified by ``locator``.</doc>
<msg timestamp="20240602 13:52:20.269" level="INFO">Clicking element '//*[@id="role_checkbox_selectAllFunctions"]/label/div'.</msg>
<status status="PASS" starttime="20240602 13:52:20.269" endtime="20240602 13:52:20.317"/>
</kw>
<kw name="Sleep" library="BuiltIn">
<arg>3s</arg>
<doc>Pauses the test executed for the given time.</doc>
<msg timestamp="20240602 13:52:23.328" level="INFO">Slept 3 seconds</msg>
<status status="PASS" starttime="20240602 13:52:20.317" endtime="20240602 13:52:23.328"/>
</kw>
<kw name="Click Element" library="SeleniumLibrary">
<arg>${StoryMap-CheckBox}</arg>
<doc>Click the element identified by ``locator``.</doc>
<msg timestamp="20240602 13:52:23.328" level="INFO">Clicking element '//*[@id="mat-checkbox-2"]/label'.</msg>
<status status="PASS" starttime="20240602 13:52:23.328" endtime="20240602 13:52:23.441"/>
</kw>
<kw name="Get Element Attribute" library="SeleniumLibrary">
<var>${status}</var>
<arg>${Dashboard_CheckBox}</arg>
<arg>checked</arg>
<doc>Returns the value of ``attribute`` from the element ``locator``.</doc>
<msg timestamp="20240602 13:52:23.458" level="INFO">${status} = None</msg>
<status status="PASS" starttime="20240602 13:52:23.441" endtime="20240602 13:52:23.458"/>
</kw>
<kw name="Log" library="BuiltIn">
<arg>${status}</arg>
<doc>Logs the given message with the given level.</doc>
<msg timestamp="20240602 13:52:23.458" level="INFO">None</msg>
<status status="PASS" starttime="20240602 13:52:23.458" endtime="20240602 13:52:23.458"/>
</kw>
<kw name="Run Keyword If" library="BuiltIn">
<arg>"${status}" != "true"</arg>
<arg>Log</arg>
<arg>"ResetButton Working successfully "</arg>
<arg>ELSE</arg>
<arg>Fail</arg>
<arg>"Reset Button Not working""</arg>
<doc>Runs the given keyword with the given arguments, if ``condition`` is true.</doc>
<kw name="Log" library="BuiltIn">
<arg>"ResetButton Working successfully "</arg>
<doc>Logs the given message with the given level.</doc>
<msg timestamp="20240602 13:52:23.458" level="INFO">"ResetButton Working successfully "</msg>
<status status="PASS" starttime="20240602 13:52:23.458" endtime="20240602 13:52:23.458"/>
</kw>
<status status="PASS" starttime="20240602 13:52:23.458" endtime="20240602 13:52:23.458"/>
</kw>
<kw name="Click Button" library="SeleniumLibrary">
<arg>${saveUpdateRole_Button}</arg>
<doc>Clicks the button identified by ``locator``.</doc>
<msg timestamp="20240602 13:52:23.458" level="INFO">Clicking button '//*[@id="role_btn_save"]'.</msg>
<status status="PASS" starttime="20240602 13:52:23.458" endtime="20240602 13:52:23.524"/>
</kw>
<kw name="Click Element" library="SeleniumLibrary">
<arg>${saveUpdateRole_ok}</arg>
<doc>Click the element identified by ``locator``.</doc>
<msg timestamp="20240602 13:52:23.524" level="INFO">Clicking element '//*[@id="id_btn_saveUpdateRole_ok"]'.</msg>
<status status="PASS" starttime="20240602 13:52:23.524" endtime="20240602 13:52:23.574"/>
</kw>
<kw name="Page Should Contain Element" library="SeleniumLibrary">
<arg>//*[@id="toast-container"]/div</arg>
<doc>Verifies that element ``locator`` is found on the current page.</doc>
<msg timestamp="20240602 13:52:23.818" level="INFO">Current page contains element '//*[@id="toast-container"]/div'.</msg>
<status status="PASS" starttime="20240602 13:52:23.574" endtime="20240602 13:52:23.818"/>
</kw>
<kw name="Close_Chrome" library="Common" type="TEARDOWN">
<kw name="Close Browser" library="SeleniumLibrary">
<doc>Closes the current browser.</doc>
<status status="PASS" starttime="20240602 13:52:23.818" endtime="20240602 13:52:26.010"/>
</kw>
<status status="PASS" starttime="20240602 13:52:23.818" endtime="20240602 13:52:26.010"/>
</kw>
<tag>CancelEdit_button</tag>
<status status="PASS" starttime="20240602 13:51:46.370" endtime="20240602 13:52:26.010"/>
</test>
<status status="PASS" starttime="20240602 13:51:31.377" endtime="20240602 13:52:26.010"/>
</suite>
<statistics>
<total>
<stat pass="1" fail="0" skip="0">All Tests</stat>
</total>
<tag>
<stat pass="1" fail="0" skip="0">CancelEdit_button</stat>
</tag>
<suite>
<stat pass="1" fail="0" skip="0" id="s1" name="SaveEdit">SaveEdit</stat>
</suite>
</statistics>
<errors>
</errors>
</robot>
