<?xml version="1.0" encoding="UTF-8"?>
<robot generator="Robot 4.1.3 (Python 3.10.6 on win32)" generated="20240604 14:57:24.753" rpa="false" schemaversion="2">
<suite id="s1" name="Reset changes" source="C:\Users\abdullah.ahmed\IdeaProjects\Admin QSIT\Tests\Logs\Reset changes.robot">
<kw name="Run Keywords" library="BuiltIn" type="SETUP">
<arg>Open_Chrome</arg>
<arg>Login_Successfully</arg>
<doc>Executes all the given keywords in a sequence.</doc>
<kw name="Open_Chrome" library="Common">
<kw name="Set Selenium Implicit Wait" library="SeleniumLibrary">
<arg>5</arg>
<doc>Sets the implicit wait value used by Selenium.</doc>
<status status="PASS" starttime="20240604 14:57:25.056" endtime="20240604 14:57:25.057"/>
</kw>
<kw name="Open Browser" library="SeleniumLibrary">
<arg>https://dgdadevnew.eastus.cloudapp.azure.com/DGDAAdminFront/#/login</arg>
<arg>chrome</arg>
<doc>Opens a new browser instance to the optional ``url``.</doc>
<msg timestamp="20240604 14:57:25.057" level="INFO">Opening browser 'chrome' to base url 'https://dgdadevnew.eastus.cloudapp.azure.com/DGDAAdminFront/#/login'.</msg>
<status status="PASS" starttime="20240604 14:57:25.057" endtime="20240604 14:57:39.670"/>
</kw>
<kw name="Maximize Browser Window" library="SeleniumLibrary">
<doc>Maximizes current browser window.</doc>
<status status="PASS" starttime="20240604 14:57:39.670" endtime="20240604 14:57:39.706"/>
</kw>
<status status="PASS" starttime="20240604 14:57:25.056" endtime="20240604 14:57:39.706"/>
</kw>
<kw name="Login_Successfully" library="Common">
<kw name="Input Text" library="SeleniumLibrary">
<arg>${Username_Text}</arg>
<arg>Admin</arg>
<doc>Types the given ``text`` into the text field identified by ``locator``.</doc>
<msg timestamp="20240604 14:57:39.707" level="INFO">Typing text 'Admin' into text field '//*[@id="login_input_username"]'.</msg>
<status status="PASS" starttime="20240604 14:57:39.706" endtime="20240604 14:57:40.303"/>
</kw>
<kw name="Input Password" library="SeleniumLibrary">
<arg>${Password_Text}</arg>
<arg>123456</arg>
<doc>Types the given password into the text field identified by ``locator``.</doc>
<msg timestamp="20240604 14:57:40.304" level="INFO">Typing password into text field '//*[@id="login_input_password"]'.</msg>
<msg timestamp="20240604 14:57:40.339" level="INFO">Temporally setting log level to: NONE</msg>
<msg timestamp="20240604 14:57:40.449" level="INFO">Log level changed from NONE to INFO.</msg>
<status status="PASS" starttime="20240604 14:57:40.303" endtime="20240604 14:57:40.449"/>
</kw>
<kw name="Click Element" library="SeleniumLibrary">
<arg>${Login_btn}</arg>
<doc>Click the element identified by ``locator``.</doc>
<msg timestamp="20240604 14:57:40.450" level="INFO">Clicking element '//*[@id="login_btn_login"]'.</msg>
<status status="PASS" starttime="20240604 14:57:40.450" endtime="20240604 14:57:40.513"/>
</kw>
<status status="PASS" starttime="20240604 14:57:39.706" endtime="20240604 14:57:40.513"/>
</kw>
<status status="PASS" starttime="20240604 14:57:25.046" endtime="20240604 14:57:40.513"/>
</kw>
<test id="s1-t1" name="Check functionality of Reset_Changes">
<kw name="Click Button" library="SeleniumLibrary">
<arg>${logs_Button}</arg>
<doc>Clicks the button identified by ``locator``.</doc>
<msg timestamp="20240604 14:57:40.515" level="INFO">Clicking button 'xpath=/html/body/app-root/div/div/div[1]/app-side-navigation/div/ul/li[6]/button'.</msg>
<status status="PASS" starttime="20240604 14:57:40.514" endtime="20240604 14:57:41.885"/>
</kw>
<kw name="Sleep" library="BuiltIn">
<arg>2s</arg>
<doc>Pauses the test executed for the given time.</doc>
<msg timestamp="20240604 14:57:43.891" level="INFO">Slept 2 seconds</msg>
<status status="PASS" starttime="20240604 14:57:41.885" endtime="20240604 14:57:43.891"/>
</kw>
<kw name="Click Element" library="SeleniumLibrary">
<arg>${Open_calender_From}</arg>
<doc>Click the element identified by ``locator``.</doc>
<msg timestamp="20240604 14:57:43.892" level="INFO">Clicking element '//*[@id="logs_toggle_LogFrom"]/button'.</msg>
<status status="PASS" starttime="20240604 14:57:43.891" endtime="20240604 14:57:43.981"/>
</kw>
<kw name="Sleep" library="BuiltIn">
<arg>2s</arg>
<doc>Pauses the test executed for the given time.</doc>
<msg timestamp="20240604 14:57:45.984" level="INFO">Slept 2 seconds</msg>
<status status="PASS" starttime="20240604 14:57:43.981" endtime="20240604 14:57:45.985"/>
</kw>
<kw name="Select From_Date">
<arg>${From_Date}</arg>
<kw name="Click Element" library="SeleniumLibrary">
<arg>xpath://*[@aria-label='${Date_from}']</arg>
<doc>Click the element identified by ``locator``.</doc>
<msg timestamp="20240604 14:57:45.986" level="INFO">Clicking element 'xpath://*[@aria-label='June 1, 2024']'.</msg>
<status status="PASS" starttime="20240604 14:57:45.986" endtime="20240604 14:57:46.080"/>
</kw>
<status status="PASS" starttime="20240604 14:57:45.985" endtime="20240604 14:57:46.081"/>
</kw>
<kw name="Sleep" library="BuiltIn">
<arg>2s</arg>
<doc>Pauses the test executed for the given time.</doc>
<msg timestamp="20240604 14:57:48.088" level="INFO">Slept 2 seconds</msg>
<status status="PASS" starttime="20240604 14:57:46.083" endtime="20240604 14:57:48.088"/>
</kw>
<kw name="Click Element" library="SeleniumLibrary">
<arg>${Open_calender_To}</arg>
<doc>Click the element identified by ``locator``.</doc>
<msg timestamp="20240604 14:57:48.089" level="INFO">Clicking element '//*[@id="logs_toggle_LogTo"]/button'.</msg>
<status status="PASS" starttime="20240604 14:57:48.088" endtime="20240604 14:57:48.176"/>
</kw>
<kw name="Sleep" library="BuiltIn">
<arg>2s</arg>
<doc>Pauses the test executed for the given time.</doc>
<msg timestamp="20240604 14:57:50.183" level="INFO">Slept 2 seconds</msg>
<status status="PASS" starttime="20240604 14:57:48.176" endtime="20240604 14:57:50.184"/>
</kw>
<kw name="Select To_Date">
<var>${Todate}</var>
<arg>$Today_date_inToDate1</arg>
<kw name="Get Current Date" library="DateTime">
<var>${Today_date_inToDate}</var>
<arg>result_format=%B %#d, %Y</arg>
<doc>Returns current local or UTC time with an optional increment.</doc>
<msg timestamp="20240604 14:57:50.188" level="INFO">${Today_date_inToDate} = June 4, 2024</msg>
<status status="PASS" starttime="20240604 14:57:50.187" endtime="20240604 14:57:50.189"/>
</kw>
<kw name="Log" library="BuiltIn">
<arg>${Today_date_inToDate}</arg>
<doc>Logs the given message with the given level.</doc>
<msg timestamp="20240604 14:57:50.191" level="INFO">June 4, 2024</msg>
<status status="PASS" starttime="20240604 14:57:50.190" endtime="20240604 14:57:50.192"/>
</kw>
<kw name="Click Element" library="SeleniumLibrary">
<arg>xpath://*[@aria-label='${Today_date_inToDate}']</arg>
<doc>Click the element identified by ``locator``.</doc>
<msg timestamp="20240604 14:57:50.194" level="INFO">Clicking element 'xpath://*[@aria-label='June 4, 2024']'.</msg>
<status status="PASS" starttime="20240604 14:57:50.192" endtime="20240604 14:57:50.299"/>
</kw>
<msg timestamp="20240604 14:57:50.299" level="INFO">${Todate} = June 4, 2024</msg>
<status status="PASS" starttime="20240604 14:57:50.185" endtime="20240604 14:57:50.299"/>
</kw>
<kw name="Sleep" library="BuiltIn">
<arg>2s</arg>
<doc>Pauses the test executed for the given time.</doc>
<msg timestamp="20240604 14:57:52.300" level="INFO">Slept 2 seconds</msg>
<status status="PASS" starttime="20240604 14:57:50.299" endtime="20240604 14:57:52.301"/>
</kw>
<kw name="Run Keyword If" library="BuiltIn">
<arg>'${From_Date}' &gt; '${Todate}'</arg>
<arg>Page Should Contain Element</arg>
<arg>${Validate_Date}</arg>
<doc>Runs the given keyword with the given arguments, if ``condition`` is true.</doc>
<status status="PASS" starttime="20240604 14:57:52.302" endtime="20240604 14:57:52.304"/>
</kw>
<kw name="Click Button" library="SeleniumLibrary">
<arg>${Clear_Button}</arg>
<doc>Clicks the button identified by ``locator``.</doc>
<msg timestamp="20240604 14:57:52.306" level="INFO">Clicking button '//*[@id="logs_btn_Reset"]'.</msg>
<status status="PASS" starttime="20240604 14:57:52.304" endtime="20240604 14:57:52.464"/>
</kw>
<kw name="Sleep" library="BuiltIn">
<arg>5s</arg>
<doc>Pauses the test executed for the given time.</doc>
<msg timestamp="20240604 14:57:57.467" level="INFO">Slept 5 seconds</msg>
<status status="PASS" starttime="20240604 14:57:52.465" endtime="20240604 14:57:57.467"/>
</kw>
<kw name="Log" library="BuiltIn">
<arg>"${From_Date}"</arg>
<doc>Logs the given message with the given level.</doc>
<msg timestamp="20240604 14:57:57.467" level="INFO">"June 1, 2024"</msg>
<status status="PASS" starttime="20240604 14:57:57.467" endtime="20240604 14:57:57.467"/>
</kw>
<kw name="Get Value" library="SeleniumLibrary">
<var>${value}</var>
<arg>id=logs_input_LogFrom</arg>
<doc>Returns the value attribute of the element identified by ``locator``.</doc>
<msg timestamp="20240604 14:57:57.529" level="INFO">${value} = </msg>
<status status="PASS" starttime="20240604 14:57:57.467" endtime="20240604 14:57:57.529"/>
</kw>
<kw name="Should Be Empty" library="BuiltIn">
<arg>${value}</arg>
<doc>Verifies that the given item is empty.</doc>
<msg timestamp="20240604 14:57:57.529" level="INFO">Length is 0</msg>
<status status="PASS" starttime="20240604 14:57:57.529" endtime="20240604 14:57:57.529"/>
</kw>
<kw name="Close_Chrome" library="Common" type="TEARDOWN">
<kw name="Close Browser" library="SeleniumLibrary">
<doc>Closes the current browser.</doc>
<status status="PASS" starttime="20240604 14:57:57.529" endtime="20240604 14:57:59.716"/>
</kw>
<status status="PASS" starttime="20240604 14:57:57.529" endtime="20240604 14:57:59.716"/>
</kw>
<tag>Reset Changes</tag>
<status status="PASS" starttime="20240604 14:57:40.513" endtime="20240604 14:57:59.716"/>
</test>
<status status="PASS" starttime="20240604 14:57:24.755" endtime="20240604 14:57:59.716"/>
</suite>
<statistics>
<total>
<stat pass="1" fail="0" skip="0">All Tests</stat>
</total>
<tag>
<stat pass="1" fail="0" skip="0">Reset Changes</stat>
</tag>
<suite>
<stat pass="1" fail="0" skip="0" id="s1" name="Reset changes">Reset changes</stat>
</suite>
</statistics>
<errors>
</errors>
</robot>
